<?xml version="1.0" encoding="UTF-8"?>
<!-- Generated by org.testng.reporters.JUnitReportReporter -->
<testsuite skipped="0" hostname="Guru" name="com.test.GridExampleTest2" tests="1" failures="0" timestamp="20 Nov 2016 15:39:19 GMT" time="211.007" errors="0">
  <testcase name="testGooglePageTitleInIEBrowser" time="211.007" classname="com.test.GridExampleTest2"/>
</testsuite> <!-- com.test.GridExampleTest2 -->
