<?xml version="1.0" encoding="UTF-8"?>
<!-- Generated by org.testng.reporters.JUnitReportReporter -->
<testsuite skipped="0" hostname="Guru" name="com.test.GridExampleTest" tests="1" failures="0" timestamp="20 Nov 2016 15:39:19 GMT" time="108.145" errors="0">
  <testcase name="testGooglePageTitleInIEBrowser" time="108.145" classname="com.test.GridExampleTest"/>
</testsuite> <!-- com.test.GridExampleTest -->
